2022-02-04 15:04:11.560  INFO 1972 --- [restartedMain] c.c.c.ConfigServicePropertySourceLocator : Fetching config from server at : http://localhost:8012
2022-02-04 15:04:14.261  INFO 1972 --- [restartedMain] c.c.c.ConfigServicePropertySourceLocator : Located environment: name=users-ws, profiles=[default], label=null, version=8d9ad7024bc026123b1f7187c659f85b4216c48e, state=null
2022-02-04 15:04:14.269  INFO 1972 --- [restartedMain] b.c.PropertySourceBootstrapConfiguration : Located property source: [BootstrapPropertySource {name='bootstrapProperties-configClient'}, BootstrapPropertySource {name='bootstrapProperties-https://github.com/maheshlamichhane/PhotoAppConfiguration/file:C:\Users\PROGRA~1\AppData\Local\Temp\config-repo-865724864165713192\users-ws.properties'}, BootstrapPropertySource {name='bootstrapProperties-https://github.com/maheshlamichhane/PhotoAppConfiguration/file:C:\Users\PROGRA~1\AppData\Local\Temp\config-repo-865724864165713192\application.properties'}]
2022-02-04 15:04:14.645  INFO 1972 --- [restartedMain] c.l.users.PhotAppApiUsersApplication     : No active profile set, falling back to default profiles: default
2022-02-04 15:04:23.572  INFO 1972 --- [restartedMain] .s.d.r.c.RepositoryConfigurationDelegate : Bootstrapping Spring Data JPA repositories in DEFAULT mode.
2022-02-04 15:04:26.121  INFO 1972 --- [restartedMain] .s.d.r.c.RepositoryConfigurationDelegate : Finished Spring Data repository scanning in 2487 ms. Found 1 JPA repository interfaces.
2022-02-04 15:04:30.538  INFO 1972 --- [restartedMain] faultConfiguringBeanFactoryPostProcessor : No bean named 'errorChannel' has been explicitly defined. Therefore, a default PublishSubscribeChannel will be created.
2022-02-04 15:04:30.622  INFO 1972 --- [restartedMain] faultConfiguringBeanFactoryPostProcessor : No bean named 'integrationHeaderChannelRegistry' has been explicitly defined. Therefore, a default DefaultHeaderChannelRegistry will be created.
2022-02-04 15:04:31.530  INFO 1972 --- [restartedMain] o.s.cloud.context.scope.GenericScope     : BeanFactory id=48636627-f008-3ba0-8b84-09d946cbd7a1
2022-02-04 15:04:33.877  INFO 1972 --- [restartedMain] trationDelegate$BeanPostProcessorChecker : Bean 'org.springframework.integration.config.IntegrationManagementConfiguration' of type [org.springframework.integration.config.IntegrationManagementConfiguration] is not eligible for getting processed by all BeanPostProcessors (for example: not eligible for auto-proxying)
2022-02-04 15:04:33.940  INFO 1972 --- [restartedMain] trationDelegate$BeanPostProcessorChecker : Bean 'integrationChannelResolver' of type [org.springframework.integration.support.channel.BeanFactoryChannelResolver] is not eligible for getting processed by all BeanPostProcessors (for example: not eligible for auto-proxying)
2022-02-04 15:04:38.465  INFO 1972 --- [restartedMain] o.s.b.w.embedded.tomcat.TomcatWebServer  : Tomcat initialized with port(s): 0 (http)
2022-02-04 15:04:38.800  INFO 1972 --- [restartedMain] o.apache.catalina.core.StandardService   : Starting service [Tomcat]
2022-02-04 15:04:38.802  INFO 1972 --- [restartedMain] org.apache.catalina.core.StandardEngine  : Starting Servlet engine: [Apache Tomcat/9.0.56]
2022-02-04 15:04:39.368  INFO 1972 --- [restartedMain] o.a.c.c.C.[Tomcat].[localhost].[/]       : Initializing Spring embedded WebApplicationContext
2022-02-04 15:04:39.371  INFO 1972 --- [restartedMain] w.s.c.ServletWebServerApplicationContext : Root WebApplicationContext: initialization completed in 24581 ms
2022-02-04 15:04:40.268  INFO 1972 --- [restartedMain] com.zaxxer.hikari.HikariDataSource       : HikariPool-1 - Starting...
2022-02-04 15:04:48.132  INFO 1972 --- [restartedMain] com.zaxxer.hikari.HikariDataSource       : HikariPool-1 - Start completed.
2022-02-04 15:04:48.224  INFO 1972 --- [restartedMain] o.s.b.a.h2.H2ConsoleAutoConfiguration    : H2 console available at '/h2-console'. Database available at 'jdbc:oracle:thin:@localhost:1521:orcl'
2022-02-04 15:04:51.992  INFO 1972 --- [restartedMain] o.hibernate.jpa.internal.util.LogHelper  : HHH000204: Processing PersistenceUnitInfo [name: default]
2022-02-04 15:04:53.535  INFO 1972 --- [restartedMain] org.hibernate.Version                    : HHH000412: Hibernate ORM core version 5.6.4.Final
2022-02-04 15:04:55.245  INFO 1972 --- [restartedMain] o.hibernate.annotations.common.Version   : HCANN000001: Hibernate Commons Annotations {5.1.2.Final}
2022-02-04 15:04:57.651  INFO 1972 --- [restartedMain] org.hibernate.dialect.Dialect            : HHH000400: Using dialect: org.hibernate.dialect.OracleDialect
2022-02-04 15:04:57.725  WARN 1972 --- [restartedMain] org.hibernate.dialect.Oracle9Dialect     : HHH000063: The Oracle9Dialect dialect has been deprecated; use either Oracle9iDialect or Oracle10gDialect instead
2022-02-04 15:04:57.735  WARN 1972 --- [restartedMain] org.hibernate.dialect.OracleDialect      : HHH000064: The OracleDialect dialect has been deprecated; use Oracle8iDialect instead
2022-02-04 15:05:30.336  INFO 1972 --- [restartedMain] o.h.e.t.j.p.i.JtaPlatformInitiator       : HHH000490: Using JtaPlatform implementation: [org.hibernate.engine.transaction.jta.platform.internal.NoJtaPlatform]
2022-02-04 15:05:30.686  INFO 1972 --- [restartedMain] j.LocalContainerEntityManagerFactoryBean : Initialized JPA EntityManagerFactory for persistence unit 'default'
2022-02-04 15:05:31.813  WARN 1972 --- [restartedMain] JpaBaseConfiguration$JpaWebConfiguration : spring.jpa.open-in-view is enabled by default. Therefore, database queries may be performed during view rendering. Explicitly configure spring.jpa.open-in-view to disable this warning
2022-02-04 15:05:32.172  WARN 1972 --- [restartedMain] o.s.b.d.a.OptionalLiveReloadServer       : Unable to start LiveReload server
2022-02-04 15:05:56.677  INFO 1972 --- [restartedMain] o.s.c.openfeign.FeignClientFactoryBean   : For 'albums-ws' URL not provided. Will try picking an instance via load-balancing.
2022-02-04 15:06:06.623  INFO 1972 --- [restartedMain] o.s.s.web.DefaultSecurityFilterChain     : Will secure any request with [org.springframework.security.web.context.request.async.WebAsyncManagerIntegrationFilter@d25307, org.springframework.security.web.context.SecurityContextPersistenceFilter@7a2528c6, org.springframework.security.web.header.HeaderWriterFilter@235433e0, org.springframework.security.web.authentication.logout.LogoutFilter@2bb8688b, com.lamichhane.users.security.AuthenticationFilter@7dd99e30, org.springframework.security.web.savedrequest.RequestCacheAwareFilter@4f8de79, org.springframework.security.web.servletapi.SecurityContextHolderAwareRequestFilter@ab0eef0, org.springframework.security.web.authentication.AnonymousAuthenticationFilter@21e0d9db, org.springframework.security.web.session.SessionManagementFilter@4519f25c, org.springframework.security.web.access.ExceptionTranslationFilter@3febc73f, org.springframework.security.web.access.intercept.FilterSecurityInterceptor@266d1af]
2022-02-04 15:06:06.910  WARN 1972 --- [restartedMain] c.n.c.sources.URLConfigurationSource     : No URLs will be polled as dynamic configuration sources.
2022-02-04 15:06:06.912  INFO 1972 --- [restartedMain] c.n.c.sources.URLConfigurationSource     : To enable URLs as dynamic configuration sources, define System property archaius.configurationSource.additionalUrls or make config.properties available on classpath.
2022-02-04 15:06:06.961  WARN 1972 --- [restartedMain] c.n.c.sources.URLConfigurationSource     : No URLs will be polled as dynamic configuration sources.
2022-02-04 15:06:06.969  INFO 1972 --- [restartedMain] c.n.c.sources.URLConfigurationSource     : To enable URLs as dynamic configuration sources, define System property archaius.configurationSource.additionalUrls or make config.properties available on classpath.
2022-02-04 15:06:14.448  INFO 1972 --- [restartedMain] DiscoveryClientOptionalArgsConfiguration : Eureka HTTP Client uses RestTemplate.
2022-02-04 15:06:16.487  WARN 1972 --- [restartedMain] iguration$LoadBalancerCaffeineWarnLogger : Spring Cloud LoadBalancer is currently working with the default cache. You can switch to using Caffeine cache, by adding it and org.springframework.cache.caffeine.CaffeineCacheManager to the classpath.
2022-02-04 15:06:16.985  INFO 1972 --- [restartedMain] o.s.c.s.m.DirectWithAttributesChannel    : Channel 'application-1.springCloudBusInput' has 1 subscriber(s).
2022-02-04 15:06:18.005  INFO 1972 --- [restartedMain] o.s.i.endpoint.EventDrivenConsumer       : Adding {logging-channel-adapter:_org.springframework.integration.errorLogger} as a subscriber to the 'errorChannel' channel
2022-02-04 15:06:18.007  INFO 1972 --- [restartedMain] o.s.i.channel.PublishSubscribeChannel    : Channel 'application-1.errorChannel' has 1 subscriber(s).
2022-02-04 15:06:18.009  INFO 1972 --- [restartedMain] o.s.i.endpoint.EventDrivenConsumer       : started bean '_org.springframework.integration.errorLogger'
2022-02-04 15:06:18.027  INFO 1972 --- [restartedMain] o.s.c.s.binder.DefaultBinderFactory      : Creating binder: rabbit
2022-02-04 15:06:18.311  INFO 1972 --- [restartedMain] o.s.c.s.binder.DefaultBinderFactory      : Caching the binder: rabbit
2022-02-04 15:06:18.313  INFO 1972 --- [restartedMain] o.s.c.s.binder.DefaultBinderFactory      : Retrieving cached binder: rabbit
2022-02-04 15:06:18.935  INFO 1972 --- [restartedMain] c.s.b.r.p.RabbitExchangeQueueProvisioner : declaring queue for inbound: springCloudBus.anonymous.BkkDf9N5S6q_CgcEx3ZkVQ, bound to: springCloudBus
2022-02-04 15:06:18.956  INFO 1972 --- [restartedMain] o.s.a.r.c.CachingConnectionFactory       : Attempting to connect to: [localhost:5672]
2022-02-04 15:06:19.302  INFO 1972 --- [restartedMain] o.s.a.r.c.CachingConnectionFactory       : Created new connection: rabbitConnectionFactory#4d065789:0/SimpleConnection@2d92d696 [delegate=amqp://guest@127.0.0.1:5672/, localPort= 62779]
2022-02-04 15:06:20.128  INFO 1972 --- [restartedMain] o.s.c.stream.binder.BinderErrorChannel   : Channel 'springCloudBus.anonymous.BkkDf9N5S6q_CgcEx3ZkVQ.errors' has 1 subscriber(s).
2022-02-04 15:06:20.132  INFO 1972 --- [restartedMain] o.s.c.stream.binder.BinderErrorChannel   : Channel 'springCloudBus.anonymous.BkkDf9N5S6q_CgcEx3ZkVQ.errors' has 2 subscriber(s).
2022-02-04 15:06:20.173  INFO 1972 --- [restartedMain] o.s.i.a.i.AmqpInboundChannelAdapter      : started bean 'inbound.springCloudBus.anonymous.BkkDf9N5S6q_CgcEx3ZkVQ'
2022-02-04 15:06:21.023  INFO 1972 --- [restartedMain] o.s.b.w.embedded.tomcat.TomcatWebServer  : Tomcat started on port(s): 62780 (http) with context path ''
2022-02-04 15:06:21.027  INFO 1972 --- [restartedMain] .s.c.n.e.s.EurekaAutoServiceRegistration : Updating port to 62780
2022-02-04 15:06:21.057  INFO 1972 --- [restartedMain] o.s.c.n.eureka.InstanceInfoFactory       : Setting initial instance status as: STARTING
2022-02-04 15:06:21.454  INFO 1972 --- [restartedMain] com.netflix.discovery.DiscoveryClient    : Initializing Eureka in region us-east-1
2022-02-04 15:06:21.514  INFO 1972 --- [restartedMain] c.n.d.s.r.aws.ConfigClusterResolver      : Resolving eureka endpoints via configuration
2022-02-04 15:06:21.744  INFO 1972 --- [restartedMain] com.netflix.discovery.DiscoveryClient    : Disable delta property : false
2022-02-04 15:06:21.746  INFO 1972 --- [restartedMain] com.netflix.discovery.DiscoveryClient    : Single vip registry refresh property : null
2022-02-04 15:06:21.747  INFO 1972 --- [restartedMain] com.netflix.discovery.DiscoveryClient    : Force full registry fetch : false
2022-02-04 15:06:21.748  INFO 1972 --- [restartedMain] com.netflix.discovery.DiscoveryClient    : Application is null : false
2022-02-04 15:06:21.749  INFO 1972 --- [restartedMain] com.netflix.discovery.DiscoveryClient    : Registered Applications size is zero : true
2022-02-04 15:06:21.751  INFO 1972 --- [restartedMain] com.netflix.discovery.DiscoveryClient    : Application version is -1: true
2022-02-04 15:06:21.752  INFO 1972 --- [restartedMain] com.netflix.discovery.DiscoveryClient    : Getting all instance registry info from the eureka server
2022-02-04 15:06:23.343  INFO 1972 --- [restartedMain] com.netflix.discovery.DiscoveryClient    : The response status is 200
2022-02-04 15:06:23.358  INFO 1972 --- [restartedMain] com.netflix.discovery.DiscoveryClient    : Starting heartbeat executor: renew interval is: 30
2022-02-04 15:06:23.370  INFO 1972 --- [restartedMain] c.n.discovery.InstanceInfoReplicator     : InstanceInfoReplicator onDemand update allowed rate per min is 4
2022-02-04 15:06:23.391  INFO 1972 --- [restartedMain] com.netflix.discovery.DiscoveryClient    : Discovery Client initialized at timestamp 1643966483384 with initial instances count: 1
2022-02-04 15:06:23.421  INFO 1972 --- [restartedMain] o.s.c.n.e.s.EurekaServiceRegistry        : Registering application USERS-WS with eureka with status UP
2022-02-04 15:06:23.427  INFO 1972 --- [restartedMain] com.netflix.discovery.DiscoveryClient    : Saw local status change event StatusChangeEvent [timestamp=1643966483426, current=UP, previous=STARTING]
2022-02-04 15:06:23.436  INFO 1972 --- [DiscoveryClient-InstanceInfoReplicator-0] com.netflix.discovery.DiscoveryClient    : DiscoveryClient_USERS-WS/users-ws:2ad82f9904e09c3ba3a93ecefb56c81d: registering service...
2022-02-04 15:06:24.016  INFO 1972 --- [DiscoveryClient-InstanceInfoReplicator-0] com.netflix.discovery.DiscoveryClient    : DiscoveryClient_USERS-WS/users-ws:2ad82f9904e09c3ba3a93ecefb56c81d - registration status: 204
2022-02-04 15:06:24.808  INFO 1972 --- [restartedMain] c.l.users.PhotAppApiUsersApplication     : Started PhotAppApiUsersApplication in 140.847 seconds (JVM running for 153.119)
2022-02-04 15:22:06.627  INFO 1668 --- [restartedMain] c.c.c.ConfigServicePropertySourceLocator : Fetching config from server at : http://localhost:8012
2022-02-04 15:22:09.473  INFO 1668 --- [restartedMain] c.c.c.ConfigServicePropertySourceLocator : Located environment: name=users-ws, profiles=[default], label=null, version=8d9ad7024bc026123b1f7187c659f85b4216c48e, state=null
2022-02-04 15:22:09.482  INFO 1668 --- [restartedMain] b.c.PropertySourceBootstrapConfiguration : Located property source: [BootstrapPropertySource {name='bootstrapProperties-configClient'}, BootstrapPropertySource {name='bootstrapProperties-https://github.com/maheshlamichhane/PhotoAppConfiguration/file:C:\Users\PROGRA~1\AppData\Local\Temp\config-repo-7186507142037607608\users-ws.properties'}, BootstrapPropertySource {name='bootstrapProperties-https://github.com/maheshlamichhane/PhotoAppConfiguration/file:C:\Users\PROGRA~1\AppData\Local\Temp\config-repo-7186507142037607608\application.properties'}]
2022-02-04 15:22:09.670  INFO 1668 --- [restartedMain] c.l.users.PhotAppApiUsersApplication     : No active profile set, falling back to default profiles: default
2022-02-04 15:22:14.978  INFO 1668 --- [restartedMain] .s.d.r.c.RepositoryConfigurationDelegate : Bootstrapping Spring Data JPA repositories in DEFAULT mode.
2022-02-04 15:22:17.164  INFO 1668 --- [restartedMain] .s.d.r.c.RepositoryConfigurationDelegate : Finished Spring Data repository scanning in 728 ms. Found 1 JPA repository interfaces.
2022-02-04 15:22:20.179  INFO 1668 --- [restartedMain] faultConfiguringBeanFactoryPostProcessor : No bean named 'errorChannel' has been explicitly defined. Therefore, a default PublishSubscribeChannel will be created.
2022-02-04 15:22:20.349  INFO 1668 --- [restartedMain] faultConfiguringBeanFactoryPostProcessor : No bean named 'integrationHeaderChannelRegistry' has been explicitly defined. Therefore, a default DefaultHeaderChannelRegistry will be created.
2022-02-04 15:22:20.876  INFO 1668 --- [restartedMain] o.s.cloud.context.scope.GenericScope     : BeanFactory id=48636627-f008-3ba0-8b84-09d946cbd7a1
2022-02-04 15:22:22.302  INFO 1668 --- [restartedMain] trationDelegate$BeanPostProcessorChecker : Bean 'org.springframework.integration.config.IntegrationManagementConfiguration' of type [org.springframework.integration.config.IntegrationManagementConfiguration] is not eligible for getting processed by all BeanPostProcessors (for example: not eligible for auto-proxying)
2022-02-04 15:22:22.360  INFO 1668 --- [restartedMain] trationDelegate$BeanPostProcessorChecker : Bean 'integrationChannelResolver' of type [org.springframework.integration.support.channel.BeanFactoryChannelResolver] is not eligible for getting processed by all BeanPostProcessors (for example: not eligible for auto-proxying)
2022-02-04 15:22:24.101  INFO 1668 --- [restartedMain] o.s.b.w.embedded.tomcat.TomcatWebServer  : Tomcat initialized with port(s): 0 (http)
2022-02-04 15:22:24.132  INFO 1668 --- [restartedMain] o.apache.catalina.core.StandardService   : Starting service [Tomcat]
2022-02-04 15:22:24.133  INFO 1668 --- [restartedMain] org.apache.catalina.core.StandardEngine  : Starting Servlet engine: [Apache Tomcat/9.0.56]
2022-02-04 15:22:24.475  INFO 1668 --- [restartedMain] o.a.c.c.C.[Tomcat].[localhost].[/]       : Initializing Spring embedded WebApplicationContext
2022-02-04 15:22:24.476  INFO 1668 --- [restartedMain] w.s.c.ServletWebServerApplicationContext : Root WebApplicationContext: initialization completed in 14698 ms
2022-02-04 15:22:24.879  INFO 1668 --- [restartedMain] com.zaxxer.hikari.HikariDataSource       : HikariPool-1 - Starting...
2022-02-04 15:22:28.055  INFO 1668 --- [restartedMain] com.zaxxer.hikari.HikariDataSource       : HikariPool-1 - Start completed.
2022-02-04 15:22:28.142  INFO 1668 --- [restartedMain] o.s.b.a.h2.H2ConsoleAutoConfiguration    : H2 console available at '/h2-console'. Database available at 'jdbc:oracle:thin:@localhost:1521:orcl'
2022-02-04 15:22:29.802  INFO 1668 --- [restartedMain] o.hibernate.jpa.internal.util.LogHelper  : HHH000204: Processing PersistenceUnitInfo [name: default]
2022-02-04 15:22:30.557  INFO 1668 --- [restartedMain] org.hibernate.Version                    : HHH000412: Hibernate ORM core version 5.6.4.Final
2022-02-04 15:22:31.580  INFO 1668 --- [restartedMain] o.hibernate.annotations.common.Version   : HCANN000001: Hibernate Commons Annotations {5.1.2.Final}
2022-02-04 15:22:32.309  INFO 1668 --- [restartedMain] org.hibernate.dialect.Dialect            : HHH000400: Using dialect: org.hibernate.dialect.OracleDialect
2022-02-04 15:22:32.345  WARN 1668 --- [restartedMain] org.hibernate.dialect.Oracle9Dialect     : HHH000063: The Oracle9Dialect dialect has been deprecated; use either Oracle9iDialect or Oracle10gDialect instead
2022-02-04 15:22:32.354  WARN 1668 --- [restartedMain] org.hibernate.dialect.OracleDialect      : HHH000064: The OracleDialect dialect has been deprecated; use Oracle8iDialect instead
2022-02-04 15:22:48.153  INFO 1668 --- [restartedMain] o.h.e.t.j.p.i.JtaPlatformInitiator       : HHH000490: Using JtaPlatform implementation: [org.hibernate.engine.transaction.jta.platform.internal.NoJtaPlatform]
2022-02-04 15:22:48.246  INFO 1668 --- [restartedMain] j.LocalContainerEntityManagerFactoryBean : Initialized JPA EntityManagerFactory for persistence unit 'default'
2022-02-04 15:22:49.069  WARN 1668 --- [restartedMain] JpaBaseConfiguration$JpaWebConfiguration : spring.jpa.open-in-view is enabled by default. Therefore, database queries may be performed during view rendering. Explicitly configure spring.jpa.open-in-view to disable this warning
2022-02-04 15:22:49.491  WARN 1668 --- [restartedMain] o.s.b.d.a.OptionalLiveReloadServer       : Unable to start LiveReload server
2022-02-04 15:22:50.566  INFO 1668 --- [restartedMain] o.s.c.openfeign.FeignClientFactoryBean   : For 'albums-ws' URL not provided. Will try picking an instance via load-balancing.
2022-02-04 15:22:53.347  INFO 1668 --- [restartedMain] o.s.s.web.DefaultSecurityFilterChain     : Will secure any request with [org.springframework.security.web.context.request.async.WebAsyncManagerIntegrationFilter@5b590d99, org.springframework.security.web.context.SecurityContextPersistenceFilter@37ea3c, org.springframework.security.web.header.HeaderWriterFilter@22d857ec, org.springframework.security.web.authentication.logout.LogoutFilter@44f6efac, com.lamichhane.users.security.AuthenticationFilter@65b94ee, org.springframework.security.web.savedrequest.RequestCacheAwareFilter@1810101f, org.springframework.security.web.servletapi.SecurityContextHolderAwareRequestFilter@2552bae2, org.springframework.security.web.authentication.AnonymousAuthenticationFilter@53a546d0, org.springframework.security.web.session.SessionManagementFilter@42c0cde, org.springframework.security.web.access.ExceptionTranslationFilter@62b033f3, org.springframework.security.web.access.intercept.FilterSecurityInterceptor@756d8540]
2022-02-04 15:22:53.884  WARN 1668 --- [restartedMain] c.n.c.sources.URLConfigurationSource     : No URLs will be polled as dynamic configuration sources.
2022-02-04 15:22:53.887  INFO 1668 --- [restartedMain] c.n.c.sources.URLConfigurationSource     : To enable URLs as dynamic configuration sources, define System property archaius.configurationSource.additionalUrls or make config.properties available on classpath.
2022-02-04 15:22:53.921  WARN 1668 --- [restartedMain] c.n.c.sources.URLConfigurationSource     : No URLs will be polled as dynamic configuration sources.
2022-02-04 15:22:53.938  INFO 1668 --- [restartedMain] c.n.c.sources.URLConfigurationSource     : To enable URLs as dynamic configuration sources, define System property archaius.configurationSource.additionalUrls or make config.properties available on classpath.
2022-02-04 15:22:58.986  INFO 1668 --- [restartedMain] DiscoveryClientOptionalArgsConfiguration : Eureka HTTP Client uses RestTemplate.
2022-02-04 15:23:00.521  WARN 1668 --- [restartedMain] iguration$LoadBalancerCaffeineWarnLogger : Spring Cloud LoadBalancer is currently working with the default cache. You can switch to using Caffeine cache, by adding it and org.springframework.cache.caffeine.CaffeineCacheManager to the classpath.
2022-02-04 15:23:01.016  INFO 1668 --- [restartedMain] o.s.c.s.m.DirectWithAttributesChannel    : Channel 'application-1.springCloudBusInput' has 1 subscriber(s).
2022-02-04 15:23:01.384  INFO 1668 --- [restartedMain] o.s.i.endpoint.EventDrivenConsumer       : Adding {logging-channel-adapter:_org.springframework.integration.errorLogger} as a subscriber to the 'errorChannel' channel
2022-02-04 15:23:01.385  INFO 1668 --- [restartedMain] o.s.i.channel.PublishSubscribeChannel    : Channel 'application-1.errorChannel' has 1 subscriber(s).
2022-02-04 15:23:01.386  INFO 1668 --- [restartedMain] o.s.i.endpoint.EventDrivenConsumer       : started bean '_org.springframework.integration.errorLogger'
2022-02-04 15:23:01.403  INFO 1668 --- [restartedMain] o.s.c.s.binder.DefaultBinderFactory      : Creating binder: rabbit
2022-02-04 15:23:01.645  INFO 1668 --- [restartedMain] o.s.c.s.binder.DefaultBinderFactory      : Caching the binder: rabbit
2022-02-04 15:23:01.647  INFO 1668 --- [restartedMain] o.s.c.s.binder.DefaultBinderFactory      : Retrieving cached binder: rabbit
2022-02-04 15:23:01.954  INFO 1668 --- [restartedMain] c.s.b.r.p.RabbitExchangeQueueProvisioner : declaring queue for inbound: springCloudBus.anonymous.8GmuqT5ZRFCiFZuDAMdprw, bound to: springCloudBus
2022-02-04 15:23:01.965  INFO 1668 --- [restartedMain] o.s.a.r.c.CachingConnectionFactory       : Attempting to connect to: [localhost:5672]
2022-02-04 15:23:02.159  INFO 1668 --- [restartedMain] o.s.a.r.c.CachingConnectionFactory       : Created new connection: rabbitConnectionFactory#62a8fe57:0/SimpleConnection@7f39e69a [delegate=amqp://guest@127.0.0.1:5672/, localPort= 51718]
2022-02-04 15:23:02.594  INFO 1668 --- [restartedMain] o.s.c.stream.binder.BinderErrorChannel   : Channel 'springCloudBus.anonymous.8GmuqT5ZRFCiFZuDAMdprw.errors' has 1 subscriber(s).
2022-02-04 15:23:02.632  INFO 1668 --- [restartedMain] o.s.c.stream.binder.BinderErrorChannel   : Channel 'springCloudBus.anonymous.8GmuqT5ZRFCiFZuDAMdprw.errors' has 2 subscriber(s).
2022-02-04 15:23:02.927  INFO 1668 --- [restartedMain] o.s.i.a.i.AmqpInboundChannelAdapter      : started bean 'inbound.springCloudBus.anonymous.8GmuqT5ZRFCiFZuDAMdprw'
2022-02-04 15:23:02.989  INFO 1668 --- [restartedMain] o.s.b.w.embedded.tomcat.TomcatWebServer  : Tomcat started on port(s): 51719 (http) with context path ''
2022-02-04 15:23:02.998  INFO 1668 --- [restartedMain] .s.c.n.e.s.EurekaAutoServiceRegistration : Updating port to 51719
2022-02-04 15:23:03.031  INFO 1668 --- [restartedMain] o.s.c.n.eureka.InstanceInfoFactory       : Setting initial instance status as: STARTING
2022-02-04 15:23:03.495  INFO 1668 --- [restartedMain] com.netflix.discovery.DiscoveryClient    : Initializing Eureka in region us-east-1
2022-02-04 15:23:03.649  INFO 1668 --- [restartedMain] c.n.d.s.r.aws.ConfigClusterResolver      : Resolving eureka endpoints via configuration
2022-02-04 15:23:04.040  INFO 1668 --- [restartedMain] com.netflix.discovery.DiscoveryClient    : Disable delta property : false
2022-02-04 15:23:04.042  INFO 1668 --- [restartedMain] com.netflix.discovery.DiscoveryClient    : Single vip registry refresh property : null
2022-02-04 15:23:04.043  INFO 1668 --- [restartedMain] com.netflix.discovery.DiscoveryClient    : Force full registry fetch : false
2022-02-04 15:23:04.048  INFO 1668 --- [restartedMain] com.netflix.discovery.DiscoveryClient    : Application is null : false
2022-02-04 15:23:04.050  INFO 1668 --- [restartedMain] com.netflix.discovery.DiscoveryClient    : Registered Applications size is zero : true
2022-02-04 15:23:04.051  INFO 1668 --- [restartedMain] com.netflix.discovery.DiscoveryClient    : Application version is -1: true
2022-02-04 15:23:04.052  INFO 1668 --- [restartedMain] com.netflix.discovery.DiscoveryClient    : Getting all instance registry info from the eureka server
2022-02-04 15:23:09.493  INFO 1668 --- [restartedMain] com.netflix.discovery.DiscoveryClient    : The response status is 200
2022-02-04 15:23:09.603  INFO 1668 --- [restartedMain] com.netflix.discovery.DiscoveryClient    : Starting heartbeat executor: renew interval is: 30
2022-02-04 15:23:09.627  INFO 1668 --- [restartedMain] c.n.discovery.InstanceInfoReplicator     : InstanceInfoReplicator onDemand update allowed rate per min is 4
2022-02-04 15:23:09.776  INFO 1668 --- [restartedMain] com.netflix.discovery.DiscoveryClient    : Discovery Client initialized at timestamp 1643967489749 with initial instances count: 1
2022-02-04 15:23:09.899  INFO 1668 --- [restartedMain] o.s.c.n.e.s.EurekaServiceRegistry        : Registering application USERS-WS with eureka with status UP
2022-02-04 15:23:09.905  INFO 1668 --- [restartedMain] com.netflix.discovery.DiscoveryClient    : Saw local status change event StatusChangeEvent [timestamp=1643967489905, current=UP, previous=STARTING]
2022-02-04 15:23:09.918  INFO 1668 --- [DiscoveryClient-InstanceInfoReplicator-0] com.netflix.discovery.DiscoveryClient    : DiscoveryClient_USERS-WS/users-ws:6904a45f9be124c50706444d6d07ed82: registering service...
2022-02-04 15:23:10.660  INFO 1668 --- [DiscoveryClient-InstanceInfoReplicator-0] com.netflix.discovery.DiscoveryClient    : DiscoveryClient_USERS-WS/users-ws:6904a45f9be124c50706444d6d07ed82 - registration status: 204
2022-02-04 15:23:11.628  INFO 1668 --- [restartedMain] c.l.users.PhotAppApiUsersApplication     : Started PhotAppApiUsersApplication in 71.448 seconds (JVM running for 74.616)
2022-02-04 15:24:19.394  INFO 1668 --- [http-nio-auto-1-exec-1] o.a.c.c.C.[Tomcat].[localhost].[/]       : Initializing Spring DispatcherServlet 'dispatcherServlet'
2022-02-04 15:24:19.399  INFO 1668 --- [http-nio-auto-1-exec-1] o.s.web.servlet.DispatcherServlet        : Initializing Servlet 'dispatcherServlet'
2022-02-04 15:24:19.417  INFO 1668 --- [http-nio-auto-1-exec-1] o.s.web.servlet.DispatcherServlet        : Completed initialization in 16 ms
2022-02-04 15:25:20.027 ERROR 1668 --- [HystrixTimer-1] c.l.u.feign.AlbumsServiceClientFallback  : Other error took place: null
2022-02-04 15:25:20.621  WARN 1668 --- [hystrix-HystrixCircuitBreakerFactory-1] o.s.c.l.core.RoundRobinLoadBalancer      : No servers available for service: albums-ws
2022-02-04 15:25:20.635  WARN 1668 --- [hystrix-HystrixCircuitBreakerFactory-1] RetryableFeignBlockingLoadBalancerClient : Service instance was not resolved, executing the original request
2022-02-04 15:25:24.548  WARN 1668 --- [hystrix-HystrixCircuitBreakerFactory-1] o.s.c.l.core.RoundRobinLoadBalancer      : No servers available for service: albums-ws
2022-02-04 15:25:24.550  WARN 1668 --- [hystrix-HystrixCircuitBreakerFactory-1] RetryableFeignBlockingLoadBalancerClient : Service instance was not resolved, executing the original request
2022-02-04 15:28:04.072  INFO 1668 --- [AsyncResolver-bootstrap-executor-0] c.n.d.s.r.aws.ConfigClusterResolver      : Resolving eureka endpoints via configuration
2022-02-04 15:33:04.094  INFO 1668 --- [AsyncResolver-bootstrap-executor-0] c.n.d.s.r.aws.ConfigClusterResolver      : Resolving eureka endpoints via configuration
2022-02-04 15:37:04.696  WARN 1668 --- [hystrix-HystrixCircuitBreakerFactory-2] o.s.c.l.core.RoundRobinLoadBalancer      : No servers available for service: albums-ws
2022-02-04 15:37:04.699  WARN 1668 --- [hystrix-HystrixCircuitBreakerFactory-2] RetryableFeignBlockingLoadBalancerClient : Service instance was not resolved, executing the original request
2022-02-04 15:37:05.701 ERROR 1668 --- [HystrixTimer-1] c.l.u.feign.AlbumsServiceClientFallback  : Other error took place: null
2022-02-04 15:37:07.003  WARN 1668 --- [hystrix-HystrixCircuitBreakerFactory-2] o.s.c.l.core.RoundRobinLoadBalancer      : No servers available for service: albums-ws
2022-02-04 15:37:07.005  WARN 1668 --- [hystrix-HystrixCircuitBreakerFactory-2] RetryableFeignBlockingLoadBalancerClient : Service instance was not resolved, executing the original request
2022-02-04 15:37:18.011 ERROR 1668 --- [HystrixTimer-2] c.l.u.feign.AlbumsServiceClientFallback  : Other error took place: null
2022-02-04 15:38:04.198  INFO 1668 --- [AsyncResolver-bootstrap-executor-0] c.n.d.s.r.aws.ConfigClusterResolver      : Resolving eureka endpoints via configuration
2022-02-04 15:43:04.812  INFO 1668 --- [AsyncResolver-bootstrap-executor-0] c.n.d.s.r.aws.ConfigClusterResolver      : Resolving eureka endpoints via configuration
2022-02-04 15:48:06.076  INFO 1668 --- [AsyncResolver-bootstrap-executor-0] c.n.d.s.r.aws.ConfigClusterResolver      : Resolving eureka endpoints via configuration
2022-02-04 15:53:06.110  INFO 1668 --- [AsyncResolver-bootstrap-executor-0] c.n.d.s.r.aws.ConfigClusterResolver      : Resolving eureka endpoints via configuration
2022-02-04 15:58:06.121  INFO 1668 --- [AsyncResolver-bootstrap-executor-0] c.n.d.s.r.aws.ConfigClusterResolver      : Resolving eureka endpoints via configuration
2022-02-04 16:03:06.186  INFO 1668 --- [AsyncResolver-bootstrap-executor-0] c.n.d.s.r.aws.ConfigClusterResolver      : Resolving eureka endpoints via configuration
2022-02-04 16:08:06.292  INFO 1668 --- [AsyncResolver-bootstrap-executor-0] c.n.d.s.r.aws.ConfigClusterResolver      : Resolving eureka endpoints via configuration
2022-02-04 16:13:06.309  INFO 1668 --- [AsyncResolver-bootstrap-executor-0] c.n.d.s.r.aws.ConfigClusterResolver      : Resolving eureka endpoints via configuration
2022-02-04 16:18:06.737  INFO 1668 --- [AsyncResolver-bootstrap-executor-0] c.n.d.s.r.aws.ConfigClusterResolver      : Resolving eureka endpoints via configuration
2022-02-04 16:23:06.846  INFO 1668 --- [AsyncResolver-bootstrap-executor-0] c.n.d.s.r.aws.ConfigClusterResolver      : Resolving eureka endpoints via configuration
2022-02-04 16:28:06.860  INFO 1668 --- [AsyncResolver-bootstrap-executor-0] c.n.d.s.r.aws.ConfigClusterResolver      : Resolving eureka endpoints via configuration
2022-02-04 16:33:07.820  INFO 1668 --- [AsyncResolver-bootstrap-executor-0] c.n.d.s.r.aws.ConfigClusterResolver      : Resolving eureka endpoints via configuration
2022-02-04 16:38:07.827  INFO 1668 --- [AsyncResolver-bootstrap-executor-0] c.n.d.s.r.aws.ConfigClusterResolver      : Resolving eureka endpoints via configuration
2022-02-04 16:43:07.944  INFO 1668 --- [AsyncResolver-bootstrap-executor-0] c.n.d.s.r.aws.ConfigClusterResolver      : Resolving eureka endpoints via configuration
2022-02-04 16:48:08.570  INFO 1668 --- [AsyncResolver-bootstrap-executor-0] c.n.d.s.r.aws.ConfigClusterResolver      : Resolving eureka endpoints via configuration
2022-02-04 16:53:09.773  INFO 1668 --- [AsyncResolver-bootstrap-executor-0] c.n.d.s.r.aws.ConfigClusterResolver      : Resolving eureka endpoints via configuration
2022-02-04 16:58:10.485  INFO 1668 --- [AsyncResolver-bootstrap-executor-0] c.n.d.s.r.aws.ConfigClusterResolver      : Resolving eureka endpoints via configuration
2022-02-04 17:03:12.058  INFO 1668 --- [AsyncResolver-bootstrap-executor-0] c.n.d.s.r.aws.ConfigClusterResolver      : Resolving eureka endpoints via configuration
2022-02-04 17:08:12.586  INFO 1668 --- [AsyncResolver-bootstrap-executor-0] c.n.d.s.r.aws.ConfigClusterResolver      : Resolving eureka endpoints via configuration
2022-02-04 17:13:12.593  INFO 1668 --- [AsyncResolver-bootstrap-executor-0] c.n.d.s.r.aws.ConfigClusterResolver      : Resolving eureka endpoints via configuration
2022-02-04 17:18:12.970  INFO 1668 --- [AsyncResolver-bootstrap-executor-0] c.n.d.s.r.aws.ConfigClusterResolver      : Resolving eureka endpoints via configuration
2022-02-04 17:23:13.100  INFO 1668 --- [AsyncResolver-bootstrap-executor-0] c.n.d.s.r.aws.ConfigClusterResolver      : Resolving eureka endpoints via configuration
