2022-02-03 12:08:09.319  INFO 7384 --- [restartedMain] c.a.p.a.a.PhotoAppApiAlbumsApplication   : No active profile set, falling back to default profiles: default
2022-02-03 12:08:13.629  WARN 7384 --- [restartedMain] o.s.boot.actuate.endpoint.EndpointId     : Endpoint ID 'service-registry' contains invalid characters, please migrate to a valid format.
2022-02-03 12:08:14.681  INFO 7384 --- [restartedMain] o.s.cloud.context.scope.GenericScope     : BeanFactory id=89ab7fb8-937e-3ce1-9610-146928291514
2022-02-03 12:08:14.946  INFO 7384 --- [restartedMain] trationDelegate$BeanPostProcessorChecker : Bean 'org.springframework.cloud.autoconfigure.ConfigurationPropertiesRebinderAutoConfiguration' of type [org.springframework.cloud.autoconfigure.ConfigurationPropertiesRebinderAutoConfiguration$$EnhancerBySpringCGLIB$$3243739c] is not eligible for getting processed by all BeanPostProcessors (for example: not eligible for auto-proxying)
2022-02-03 12:08:19.114  INFO 7384 --- [restartedMain] o.s.b.w.embedded.tomcat.TomcatWebServer  : Tomcat initialized with port(s): 0 (http)
2022-02-03 12:08:19.569  INFO 7384 --- [restartedMain] o.apache.catalina.core.StandardService   : Starting service [Tomcat]
2022-02-03 12:08:19.570  INFO 7384 --- [restartedMain] org.apache.catalina.core.StandardEngine  : Starting Servlet engine: [Apache Tomcat/9.0.14]
2022-02-03 12:08:19.679  INFO 7384 --- [restartedMain] o.a.catalina.core.AprLifecycleListener   : The APR based Apache Tomcat Native library which allows optimal performance in production environments was not found on the java.library.path: [C:\Program Files\Java\jre1.8.0_291\bin;C:\WINDOWS\Sun\Java\bin;C:\WINDOWS\system32;C:\WINDOWS;C:/Users/Programmer/OneDrive/Desktop/mine eclipse/eclipse//plugins/org.eclipse.justj.openjdk.hotspot.jre.full.win32.x86_64_17.0.1.v20211116-1657/jre/bin/server;C:/Users/Programmer/OneDrive/Desktop/mine eclipse/eclipse//plugins/org.eclipse.justj.openjdk.hotspot.jre.full.win32.x86_64_17.0.1.v20211116-1657/jre/bin;D:\app\mahesh\product\12.2.0\dbhome_1\bin;C:\Users\Programmer\OneDrive\Desktop\WINDOWS.X64_193000_db_home\bin;C:\Program Files (x86)\Common Files\Oracle\Java\javapath;C:\WINDOWS\system32;C:\WINDOWS;C:\WINDOWS\System32\Wbem;C:\WINDOWS\System32\WindowsPowerShell\v1.0\;C:\WINDOWS\System32\OpenSSH\;C:\Program Files\nodejs\;C:\Program Files\Git\cmd;D:\flutter_windows_2.5.2-stable\development\android-sdk\platform-tools;C:\Users\Programmer\AppData\Local\Microsoft\WindowsApps;C:\Users\Programmer\AppData\Roaming\npm;C:\Users\Programmer\OneDrive\Desktop\Flutter setup\flutter\bin;C:\Users\Programmer\AppData\Local\Programs\Microsoft VS Code\bin;C:\Program Files\Java\jdk1.8.0_291\bin;;C:\Users\Programmer\OneDrive\Desktop\mine eclipse\eclipse;;.]
2022-02-03 12:08:20.607  INFO 7384 --- [restartedMain] o.a.c.c.C.[Tomcat].[localhost].[/]       : Initializing Spring embedded WebApplicationContext
2022-02-03 12:08:20.615  INFO 7384 --- [restartedMain] o.s.web.context.ContextLoader            : Root WebApplicationContext: initialization completed in 11020 ms
2022-02-03 12:08:21.186  WARN 7384 --- [restartedMain] c.n.c.sources.URLConfigurationSource     : No URLs will be polled as dynamic configuration sources.
2022-02-03 12:08:21.187  INFO 7384 --- [restartedMain] c.n.c.sources.URLConfigurationSource     : To enable URLs as dynamic configuration sources, define System property archaius.configurationSource.additionalUrls or make config.properties available on classpath.
2022-02-03 12:08:21.267  INFO 7384 --- [restartedMain] c.netflix.config.DynamicPropertyFactory  : DynamicPropertyFactory is initialized with configuration sources: com.netflix.config.ConcurrentCompositeConfiguration@234de387
2022-02-03 12:08:23.534  WARN 7384 --- [restartedMain] c.n.c.sources.URLConfigurationSource     : No URLs will be polled as dynamic configuration sources.
2022-02-03 12:08:23.547  INFO 7384 --- [restartedMain] c.n.c.sources.URLConfigurationSource     : To enable URLs as dynamic configuration sources, define System property archaius.configurationSource.additionalUrls or make config.properties available on classpath.
2022-02-03 12:08:24.736  INFO 7384 --- [restartedMain] o.s.s.concurrent.ThreadPoolTaskExecutor  : Initializing ExecutorService 'applicationTaskExecutor'
2022-02-03 12:08:39.060  WARN 7384 --- [restartedMain] o.s.b.d.a.OptionalLiveReloadServer       : Unable to start LiveReload server
2022-02-03 12:08:39.785  INFO 7384 --- [restartedMain] o.s.b.a.e.web.EndpointLinksResolver      : Exposing 2 endpoint(s) beneath base path '/actuator'
2022-02-03 12:08:40.267  INFO 7384 --- [restartedMain] o.s.b.w.embedded.tomcat.TomcatWebServer  : Tomcat started on port(s): 56573 (http) with context path ''
2022-02-03 12:08:40.269  INFO 7384 --- [restartedMain] .s.c.n.e.s.EurekaAutoServiceRegistration : Updating port to 56573
2022-02-03 12:08:40.353  INFO 7384 --- [restartedMain] o.s.c.n.eureka.InstanceInfoFactory       : Setting initial instance status as: STARTING
2022-02-03 12:08:40.437  INFO 7384 --- [restartedMain] com.netflix.discovery.DiscoveryClient    : Initializing Eureka in region us-east-1
2022-02-03 12:09:09.762  INFO 7384 --- [restartedMain] c.n.d.provider.DiscoveryJerseyProvider   : Using JSON encoding codec LegacyJacksonJson
2022-02-03 12:09:09.794  INFO 7384 --- [restartedMain] c.n.d.provider.DiscoveryJerseyProvider   : Using JSON decoding codec LegacyJacksonJson
2022-02-03 12:09:17.535  INFO 7384 --- [restartedMain] c.n.d.provider.DiscoveryJerseyProvider   : Using XML encoding codec XStreamXml
2022-02-03 12:09:17.641  INFO 7384 --- [restartedMain] c.n.d.provider.DiscoveryJerseyProvider   : Using XML decoding codec XStreamXml
2022-02-03 12:09:19.285  INFO 7384 --- [restartedMain] c.n.d.s.r.aws.ConfigClusterResolver      : Resolving eureka endpoints via configuration
2022-02-03 12:09:21.135  INFO 7384 --- [restartedMain] com.netflix.discovery.DiscoveryClient    : Disable delta property : false
2022-02-03 12:09:21.136  INFO 7384 --- [restartedMain] com.netflix.discovery.DiscoveryClient    : Single vip registry refresh property : null
2022-02-03 12:09:21.138  INFO 7384 --- [restartedMain] com.netflix.discovery.DiscoveryClient    : Force full registry fetch : false
2022-02-03 12:09:21.139  INFO 7384 --- [restartedMain] com.netflix.discovery.DiscoveryClient    : Application is null : false
2022-02-03 12:09:21.139  INFO 7384 --- [restartedMain] com.netflix.discovery.DiscoveryClient    : Registered Applications size is zero : true
2022-02-03 12:09:21.140  INFO 7384 --- [restartedMain] com.netflix.discovery.DiscoveryClient    : Application version is -1: true
2022-02-03 12:09:21.141  INFO 7384 --- [restartedMain] com.netflix.discovery.DiscoveryClient    : Getting all instance registry info from the eureka server
2022-02-03 12:09:22.927  INFO 7384 --- [restartedMain] com.netflix.discovery.DiscoveryClient    : The response status is 200
2022-02-03 12:09:22.963  INFO 7384 --- [restartedMain] com.netflix.discovery.DiscoveryClient    : Starting heartbeat executor: renew interval is: 30
2022-02-03 12:09:23.007  INFO 7384 --- [restartedMain] c.n.discovery.InstanceInfoReplicator     : InstanceInfoReplicator onDemand update allowed rate per min is 4
2022-02-03 12:09:23.538  INFO 7384 --- [restartedMain] com.netflix.discovery.DiscoveryClient    : Discovery Client initialized at timestamp 1643869463012 with initial instances count: 2
2022-02-03 12:09:23.633  INFO 7384 --- [restartedMain] o.s.c.n.e.s.EurekaServiceRegistry        : Registering application ALBUMS-WS with eureka with status UP
2022-02-03 12:09:23.741  INFO 7384 --- [restartedMain] com.netflix.discovery.DiscoveryClient    : Saw local status change event StatusChangeEvent [timestamp=1643869463741, current=UP, previous=STARTING]
2022-02-03 12:09:23.779  INFO 7384 --- [DiscoveryClient-InstanceInfoReplicator-0] com.netflix.discovery.DiscoveryClient    : DiscoveryClient_ALBUMS-WS/albums-ws:fea656a077607017ddcc33615ccb151f: registering service...
2022-02-03 12:09:23.787  INFO 7384 --- [restartedMain] c.a.p.a.a.PhotoAppApiAlbumsApplication   : Started PhotoAppApiAlbumsApplication in 80.571 seconds (JVM running for 94.488)
2022-02-03 12:09:24.100  INFO 7384 --- [DiscoveryClient-InstanceInfoReplicator-0] com.netflix.discovery.DiscoveryClient    : DiscoveryClient_ALBUMS-WS/albums-ws:fea656a077607017ddcc33615ccb151f - registration status: 204
2022-02-03 12:14:21.163  INFO 7384 --- [AsyncResolver-bootstrap-executor-0] c.n.d.s.r.aws.ConfigClusterResolver      : Resolving eureka endpoints via configuration
2022-02-03 12:19:21.243  INFO 7384 --- [AsyncResolver-bootstrap-executor-0] c.n.d.s.r.aws.ConfigClusterResolver      : Resolving eureka endpoints via configuration
2022-02-03 12:20:15.321  INFO 7384 --- [http-nio-auto-1-exec-1] o.a.c.c.C.[Tomcat].[localhost].[/]       : Initializing Spring DispatcherServlet 'dispatcherServlet'
2022-02-03 12:20:15.323  INFO 7384 --- [http-nio-auto-1-exec-1] o.s.web.servlet.DispatcherServlet        : Initializing Servlet 'dispatcherServlet'
2022-02-03 12:20:15.839  INFO 7384 --- [http-nio-auto-1-exec-1] o.s.web.servlet.DispatcherServlet        : Completed initialization in 510 ms
2022-02-03 12:20:17.851  INFO 7384 --- [http-nio-auto-1-exec-1] c.a.p.a.a.i.c.AlbumsController           : Returning 2 albums
2022-02-03 12:21:12.062  INFO 7384 --- [http-nio-auto-1-exec-8] c.a.p.a.a.i.c.AlbumsController           : Returning 2 albums
2022-02-03 12:24:22.921  INFO 7384 --- [AsyncResolver-bootstrap-executor-0] c.n.d.s.r.aws.ConfigClusterResolver      : Resolving eureka endpoints via configuration
2022-02-03 12:29:25.602  INFO 7384 --- [AsyncResolver-bootstrap-executor-0] c.n.d.s.r.aws.ConfigClusterResolver      : Resolving eureka endpoints via configuration
2022-02-03 17:37:51.382  INFO 7384 --- [AsyncResolver-bootstrap-executor-0] c.n.d.s.r.aws.ConfigClusterResolver      : Resolving eureka endpoints via configuration
2022-02-03 17:42:55.564  INFO 7384 --- [AsyncResolver-bootstrap-executor-0] c.n.d.s.r.aws.ConfigClusterResolver      : Resolving eureka endpoints via configuration
2022-02-03 17:47:55.827  INFO 7384 --- [AsyncResolver-bootstrap-executor-0] c.n.d.s.r.aws.ConfigClusterResolver      : Resolving eureka endpoints via configuration
2022-02-03 17:52:55.873  INFO 7384 --- [AsyncResolver-bootstrap-executor-0] c.n.d.s.r.aws.ConfigClusterResolver      : Resolving eureka endpoints via configuration
2022-02-03 17:57:55.933  INFO 7384 --- [AsyncResolver-bootstrap-executor-0] c.n.d.s.r.aws.ConfigClusterResolver      : Resolving eureka endpoints via configuration
2022-02-03 18:02:56.586  INFO 7384 --- [AsyncResolver-bootstrap-executor-0] c.n.d.s.r.aws.ConfigClusterResolver      : Resolving eureka endpoints via configuration
2022-02-03 18:07:56.964  INFO 7384 --- [AsyncResolver-bootstrap-executor-0] c.n.d.s.r.aws.ConfigClusterResolver      : Resolving eureka endpoints via configuration
2022-02-03 18:12:56.975  INFO 7384 --- [AsyncResolver-bootstrap-executor-0] c.n.d.s.r.aws.ConfigClusterResolver      : Resolving eureka endpoints via configuration
2022-02-03 18:17:57.850  INFO 7384 --- [AsyncResolver-bootstrap-executor-0] c.n.d.s.r.aws.ConfigClusterResolver      : Resolving eureka endpoints via configuration
2022-02-03 18:23:01.285  INFO 7384 --- [AsyncResolver-bootstrap-executor-0] c.n.d.s.r.aws.ConfigClusterResolver      : Resolving eureka endpoints via configuration
2022-02-03 18:28:03.541  INFO 7384 --- [AsyncResolver-bootstrap-executor-0] c.n.d.s.r.aws.ConfigClusterResolver      : Resolving eureka endpoints via configuration
2022-02-03 18:33:05.487  INFO 7384 --- [AsyncResolver-bootstrap-executor-0] c.n.d.s.r.aws.ConfigClusterResolver      : Resolving eureka endpoints via configuration
2022-02-03 18:38:12.627  INFO 7384 --- [AsyncResolver-bootstrap-executor-0] c.n.d.s.r.aws.ConfigClusterResolver      : Resolving eureka endpoints via configuration
2022-02-03 18:43:21.575  INFO 7384 --- [AsyncResolver-bootstrap-executor-0] c.n.d.s.r.aws.ConfigClusterResolver      : Resolving eureka endpoints via configuration
2022-02-03 18:48:38.849  INFO 7384 --- [AsyncResolver-bootstrap-executor-0] c.n.d.s.r.aws.ConfigClusterResolver      : Resolving eureka endpoints via configuration
2022-02-03 18:53:45.489  INFO 7384 --- [AsyncResolver-bootstrap-executor-0] c.n.d.s.r.aws.ConfigClusterResolver      : Resolving eureka endpoints via configuration
2022-02-03 19:02:57.822  INFO 7384 --- [AsyncResolver-bootstrap-executor-0] c.n.d.s.r.aws.ConfigClusterResolver      : Resolving eureka endpoints via configuration
2022-02-03 19:02:57.912  INFO 7384 --- [DiscoveryClient-HeartbeatExecutor-0] com.netflix.discovery.DiscoveryClient    : DiscoveryClient_ALBUMS-WS/albums-ws:fea656a077607017ddcc33615ccb151f - Re-registering apps/ALBUMS-WS
2022-02-03 19:03:15.482  INFO 7384 --- [DiscoveryClient-HeartbeatExecutor-0] com.netflix.discovery.DiscoveryClient    : DiscoveryClient_ALBUMS-WS/albums-ws:fea656a077607017ddcc33615ccb151f: registering service...
2022-02-03 19:03:35.685  INFO 7384 --- [DiscoveryClient-InstanceInfoReplicator-0] com.netflix.discovery.DiscoveryClient    : DiscoveryClient_ALBUMS-WS/albums-ws:fea656a077607017ddcc33615ccb151f: registering service...
2022-02-03 19:03:42.759  INFO 7384 --- [DiscoveryClient-HeartbeatExecutor-0] com.netflix.discovery.DiscoveryClient    : DiscoveryClient_ALBUMS-WS/albums-ws:fea656a077607017ddcc33615ccb151f - registration status: 204
2022-02-03 19:03:42.782  INFO 7384 --- [DiscoveryClient-InstanceInfoReplicator-0] com.netflix.discovery.DiscoveryClient    : DiscoveryClient_ALBUMS-WS/albums-ws:fea656a077607017ddcc33615ccb151f - registration status: 204
2022-02-03 19:04:30.094  WARN 7384 --- [DiscoveryClient-1] c.netflix.discovery.TimedSupervisorTask  : task supervisor timed out

java.util.concurrent.TimeoutException: null
	at java.util.concurrent.FutureTask.get(Unknown Source) [na:1.8.0_291]
	at com.netflix.discovery.TimedSupervisorTask.run(TimedSupervisorTask.java:66) ~[eureka-client-1.9.8.jar:1.9.8]
	at java.util.concurrent.Executors$RunnableAdapter.call(Unknown Source) [na:1.8.0_291]
	at java.util.concurrent.FutureTask.run(Unknown Source) [na:1.8.0_291]
	at java.util.concurrent.ScheduledThreadPoolExecutor$ScheduledFutureTask.access$201(Unknown Source) [na:1.8.0_291]
	at java.util.concurrent.ScheduledThreadPoolExecutor$ScheduledFutureTask.run(Unknown Source) [na:1.8.0_291]
	at java.util.concurrent.ThreadPoolExecutor.runWorker(Unknown Source) [na:1.8.0_291]
	at java.util.concurrent.ThreadPoolExecutor$Worker.run(Unknown Source) [na:1.8.0_291]
	at java.lang.Thread.run(Unknown Source) [na:1.8.0_291]

2022-02-03 19:08:09.870  INFO 7384 --- [AsyncResolver-bootstrap-executor-0] c.n.d.s.r.aws.ConfigClusterResolver      : Resolving eureka endpoints via configuration
2022-02-03 19:13:20.105  INFO 7384 --- [AsyncResolver-bootstrap-executor-0] c.n.d.s.r.aws.ConfigClusterResolver      : Resolving eureka endpoints via configuration
2022-02-03 19:18:36.605  INFO 7384 --- [AsyncResolver-bootstrap-executor-0] c.n.d.s.r.aws.ConfigClusterResolver      : Resolving eureka endpoints via configuration
2022-02-03 19:23:47.970  INFO 7384 --- [AsyncResolver-bootstrap-executor-0] c.n.d.s.r.aws.ConfigClusterResolver      : Resolving eureka endpoints via configuration
2022-02-03 19:28:58.409  INFO 7384 --- [AsyncResolver-bootstrap-executor-0] c.n.d.s.r.aws.ConfigClusterResolver      : Resolving eureka endpoints via configuration
2022-02-03 19:34:01.585  INFO 7384 --- [AsyncResolver-bootstrap-executor-0] c.n.d.s.r.aws.ConfigClusterResolver      : Resolving eureka endpoints via configuration
2022-02-03 19:39:02.557  INFO 7384 --- [AsyncResolver-bootstrap-executor-0] c.n.d.s.r.aws.ConfigClusterResolver      : Resolving eureka endpoints via configuration
2022-02-03 19:44:04.059  INFO 7384 --- [AsyncResolver-bootstrap-executor-0] c.n.d.s.r.aws.ConfigClusterResolver      : Resolving eureka endpoints via configuration
2022-02-03 19:49:04.637  INFO 7384 --- [AsyncResolver-bootstrap-executor-0] c.n.d.s.r.aws.ConfigClusterResolver      : Resolving eureka endpoints via configuration
2022-02-03 19:54:04.816  INFO 7384 --- [AsyncResolver-bootstrap-executor-0] c.n.d.s.r.aws.ConfigClusterResolver      : Resolving eureka endpoints via configuration
2022-02-03 19:59:05.032  INFO 7384 --- [AsyncResolver-bootstrap-executor-0] c.n.d.s.r.aws.ConfigClusterResolver      : Resolving eureka endpoints via configuration
2022-02-03 20:04:05.071  INFO 7384 --- [AsyncResolver-bootstrap-executor-0] c.n.d.s.r.aws.ConfigClusterResolver      : Resolving eureka endpoints via configuration
2022-02-03 20:09:06.439  INFO 7384 --- [AsyncResolver-bootstrap-executor-0] c.n.d.s.r.aws.ConfigClusterResolver      : Resolving eureka endpoints via configuration
2022-02-03 20:14:06.558  INFO 7384 --- [AsyncResolver-bootstrap-executor-0] c.n.d.s.r.aws.ConfigClusterResolver      : Resolving eureka endpoints via configuration
2022-02-03 20:14:15.682  INFO 7384 --- [http-nio-auto-1-exec-3] c.a.p.a.a.i.c.AlbumsController           : Returning 2 albums
2022-02-03 20:19:06.650  INFO 7384 --- [AsyncResolver-bootstrap-executor-0] c.n.d.s.r.aws.ConfigClusterResolver      : Resolving eureka endpoints via configuration
2022-02-03 20:24:06.667  INFO 7384 --- [AsyncResolver-bootstrap-executor-0] c.n.d.s.r.aws.ConfigClusterResolver      : Resolving eureka endpoints via configuration
2022-02-03 20:29:06.675  INFO 7384 --- [AsyncResolver-bootstrap-executor-0] c.n.d.s.r.aws.ConfigClusterResolver      : Resolving eureka endpoints via configuration
2022-02-03 20:34:07.086  INFO 7384 --- [AsyncResolver-bootstrap-executor-0] c.n.d.s.r.aws.ConfigClusterResolver      : Resolving eureka endpoints via configuration
2022-02-03 20:39:07.646  INFO 7384 --- [AsyncResolver-bootstrap-executor-0] c.n.d.s.r.aws.ConfigClusterResolver      : Resolving eureka endpoints via configuration
2022-02-03 20:43:48.072  INFO 7384 --- [Thread-1] o.s.c.n.e.s.EurekaServiceRegistry        : Unregistering application ALBUMS-WS with eureka with status DOWN
2022-02-03 20:43:48.540  WARN 7384 --- [Thread-1] com.netflix.discovery.DiscoveryClient    : Saw local status change event StatusChangeEvent [timestamp=1643900328540, current=DOWN, previous=UP]
2022-02-03 20:43:49.012  INFO 7384 --- [DiscoveryClient-InstanceInfoReplicator-0] com.netflix.discovery.DiscoveryClient    : DiscoveryClient_ALBUMS-WS/albums-ws:fea656a077607017ddcc33615ccb151f: registering service...
2022-02-03 20:43:49.681  INFO 7384 --- [DiscoveryClient-HeartbeatExecutor-0] com.netflix.discovery.DiscoveryClient    : DiscoveryClient_ALBUMS-WS/albums-ws:fea656a077607017ddcc33615ccb151f - Re-registering apps/ALBUMS-WS
2022-02-03 20:43:49.709  INFO 7384 --- [Thread-1] o.s.s.concurrent.ThreadPoolTaskExecutor  : Shutting down ExecutorService 'applicationTaskExecutor'
2022-02-03 20:43:50.206  INFO 7384 --- [DiscoveryClient-HeartbeatExecutor-0] com.netflix.discovery.DiscoveryClient    : DiscoveryClient_ALBUMS-WS/albums-ws:fea656a077607017ddcc33615ccb151f: registering service...
2022-02-03 20:43:50.394  INFO 7384 --- [DiscoveryClient-InstanceInfoReplicator-0] com.netflix.discovery.DiscoveryClient    : DiscoveryClient_ALBUMS-WS/albums-ws:fea656a077607017ddcc33615ccb151f - registration status: 204
2022-02-03 20:43:50.663  INFO 7384 --- [DiscoveryClient-HeartbeatExecutor-0] com.netflix.discovery.DiscoveryClient    : DiscoveryClient_ALBUMS-WS/albums-ws:fea656a077607017ddcc33615ccb151f - registration status: 204
2022-02-03 20:43:51.948  INFO 7384 --- [Thread-1] com.netflix.discovery.DiscoveryClient    : Shutting down DiscoveryClient ...
2022-02-03 20:43:55.050  INFO 7384 --- [Thread-1] com.netflix.discovery.DiscoveryClient    : Unregistering ...
2022-02-03 20:43:57.739  INFO 7384 --- [Thread-1] com.netflix.discovery.DiscoveryClient    : DiscoveryClient_ALBUMS-WS/albums-ws:fea656a077607017ddcc33615ccb151f - deregister  status: 200
2022-02-03 20:43:59.080  INFO 7384 --- [Thread-1] com.netflix.discovery.DiscoveryClient    : Completed shut down of DiscoveryClient
2022-02-03 20:44:24.970  INFO 7384 --- [restartedMain] c.a.p.a.a.PhotoAppApiAlbumsApplication   : No active profile set, falling back to default profiles: default
2022-02-03 20:44:42.509  INFO 7384 --- [restartedMain] o.s.cloud.context.scope.GenericScope     : BeanFactory id=89ab7fb8-937e-3ce1-9610-146928291514
2022-02-03 20:44:42.900  INFO 7384 --- [restartedMain] trationDelegate$BeanPostProcessorChecker : Bean 'org.springframework.cloud.autoconfigure.ConfigurationPropertiesRebinderAutoConfiguration' of type [org.springframework.cloud.autoconfigure.ConfigurationPropertiesRebinderAutoConfiguration$$EnhancerBySpringCGLIB$$3243739c] is not eligible for getting processed by all BeanPostProcessors (for example: not eligible for auto-proxying)
2022-02-03 20:44:47.051  INFO 7384 --- [restartedMain] o.s.b.w.embedded.tomcat.TomcatWebServer  : Tomcat initialized with port(s): 0 (http)
2022-02-03 20:44:47.106  INFO 7384 --- [restartedMain] o.apache.catalina.core.StandardService   : Starting service [Tomcat]
2022-02-03 20:44:47.108  INFO 7384 --- [restartedMain] org.apache.catalina.core.StandardEngine  : Starting Servlet engine: [Apache Tomcat/9.0.14]
2022-02-03 20:44:47.314  INFO 7384 --- [restartedMain] o.a.c.c.C.[Tomcat].[localhost].[/]       : Initializing Spring embedded WebApplicationContext
2022-02-03 20:44:47.315  INFO 7384 --- [restartedMain] o.s.web.context.ContextLoader            : Root WebApplicationContext: initialization completed in 22318 ms
2022-02-03 20:44:51.156  WARN 7384 --- [restartedMain] c.n.c.sources.URLConfigurationSource     : No URLs will be polled as dynamic configuration sources.
2022-02-03 20:44:51.161  INFO 7384 --- [restartedMain] c.n.c.sources.URLConfigurationSource     : To enable URLs as dynamic configuration sources, define System property archaius.configurationSource.additionalUrls or make config.properties available on classpath.
2022-02-03 20:44:51.734  INFO 7384 --- [restartedMain] o.s.s.concurrent.ThreadPoolTaskExecutor  : Initializing ExecutorService 'applicationTaskExecutor'
2022-02-03 20:44:52.439  WARN 7384 --- [restartedMain] o.s.b.d.a.OptionalLiveReloadServer       : Unable to start LiveReload server
2022-02-03 20:44:53.585  INFO 7384 --- [restartedMain] o.s.b.a.e.web.EndpointLinksResolver      : Exposing 2 endpoint(s) beneath base path '/actuator'
2022-02-03 20:44:53.765  INFO 7384 --- [restartedMain] o.s.b.w.embedded.tomcat.TomcatWebServer  : Tomcat started on port(s): 51452 (http) with context path ''
2022-02-03 20:44:53.768  INFO 7384 --- [restartedMain] .s.c.n.e.s.EurekaAutoServiceRegistration : Updating port to 51452
2022-02-03 20:44:53.772  INFO 7384 --- [restartedMain] o.s.c.n.eureka.InstanceInfoFactory       : Setting initial instance status as: STARTING
2022-02-03 20:44:53.782  INFO 7384 --- [restartedMain] com.netflix.discovery.DiscoveryClient    : Initializing Eureka in region us-east-1
2022-02-03 20:44:53.789  INFO 7384 --- [restartedMain] c.n.d.provider.DiscoveryJerseyProvider   : Using JSON encoding codec LegacyJacksonJson
2022-02-03 20:44:53.790  INFO 7384 --- [restartedMain] c.n.d.provider.DiscoveryJerseyProvider   : Using JSON decoding codec LegacyJacksonJson
2022-02-03 20:44:53.791  INFO 7384 --- [restartedMain] c.n.d.provider.DiscoveryJerseyProvider   : Using XML encoding codec XStreamXml
2022-02-03 20:44:53.792  INFO 7384 --- [restartedMain] c.n.d.provider.DiscoveryJerseyProvider   : Using XML decoding codec XStreamXml
2022-02-03 20:44:54.235  INFO 7384 --- [restartedMain] c.n.d.s.r.aws.ConfigClusterResolver      : Resolving eureka endpoints via configuration
2022-02-03 20:44:54.285  INFO 7384 --- [restartedMain] com.netflix.discovery.DiscoveryClient    : Disable delta property : false
2022-02-03 20:44:54.292  INFO 7384 --- [restartedMain] com.netflix.discovery.DiscoveryClient    : Single vip registry refresh property : null
2022-02-03 20:44:54.294  INFO 7384 --- [restartedMain] com.netflix.discovery.DiscoveryClient    : Force full registry fetch : false
2022-02-03 20:44:54.322  INFO 7384 --- [restartedMain] com.netflix.discovery.DiscoveryClient    : Application is null : false
2022-02-03 20:44:54.323  INFO 7384 --- [restartedMain] com.netflix.discovery.DiscoveryClient    : Registered Applications size is zero : true
2022-02-03 20:44:54.324  INFO 7384 --- [restartedMain] com.netflix.discovery.DiscoveryClient    : Application version is -1: true
2022-02-03 20:44:54.325  INFO 7384 --- [restartedMain] com.netflix.discovery.DiscoveryClient    : Getting all instance registry info from the eureka server
2022-02-03 20:44:54.590  INFO 7384 --- [restartedMain] com.netflix.discovery.DiscoveryClient    : The response status is 200
2022-02-03 20:44:54.592  INFO 7384 --- [restartedMain] com.netflix.discovery.DiscoveryClient    : Starting heartbeat executor: renew interval is: 30
2022-02-03 20:44:54.594  INFO 7384 --- [restartedMain] c.n.discovery.InstanceInfoReplicator     : InstanceInfoReplicator onDemand update allowed rate per min is 4
2022-02-03 20:44:54.598  INFO 7384 --- [restartedMain] com.netflix.discovery.DiscoveryClient    : Discovery Client initialized at timestamp 1643900394598 with initial instances count: 2
2022-02-03 20:44:54.600  INFO 7384 --- [restartedMain] o.s.c.n.e.s.EurekaServiceRegistry        : Registering application ALBUMS-WS with eureka with status UP
2022-02-03 20:44:54.601  INFO 7384 --- [restartedMain] com.netflix.discovery.DiscoveryClient    : Saw local status change event StatusChangeEvent [timestamp=1643900394601, current=UP, previous=STARTING]
2022-02-03 20:44:54.603  INFO 7384 --- [restartedMain] c.a.p.a.a.PhotoAppApiAlbumsApplication   : Started PhotoAppApiAlbumsApplication in 36.632 seconds (JVM running for 31025.31)
2022-02-03 20:44:54.612  INFO 7384 --- [restartedMain] .ConditionEvaluationDeltaLoggingListener : Condition evaluation unchanged
2022-02-03 20:44:54.616  INFO 7384 --- [DiscoveryClient-InstanceInfoReplicator-0] com.netflix.discovery.DiscoveryClient    : DiscoveryClient_ALBUMS-WS/albums-ws:60f15530a05db6d86cf95060fc8099f4: registering service...
2022-02-03 20:44:54.633  INFO 7384 --- [DiscoveryClient-InstanceInfoReplicator-0] com.netflix.discovery.DiscoveryClient    : DiscoveryClient_ALBUMS-WS/albums-ws:60f15530a05db6d86cf95060fc8099f4 - registration status: 204
